<?xml version="1.0" encoding="UTF-8"?>
<!-- Generated by org.testng.reporters.JUnitReportReporter -->
<testsuite skipped="0" hostname="INDIA" name="com.testNG.sel.BasicTng3" tests="3" failures="0" timestamp="09 Apr 2018 09:55:14 GMT" time="0.024" errors="0">
  <testcase name="bb1" time="0.017" classname="com.testNG.sel.BasicTng3"/>
  <testcase name="bb3" time="0.002" classname="com.testNG.sel.BasicTng3"/>
  <testcase name="bb2" time="0.005" classname="com.testNG.sel.BasicTng3"/>
</testsuite> <!-- com.testNG.sel.BasicTng3 -->
