<?xml version="1.0" encoding="UTF-8"?>
<!-- Generated by org.testng.reporters.JUnitReportReporter -->
<testsuite skipped="0" hostname="INDIA" name="com.testNG.sel.AnnotationsInTNG" tests="3" failures="0" timestamp="09 Apr 2018 08:56:54 GMT" time="0.013" errors="0">
  <testcase name="testCase2" time="0.002" classname="com.testNG.sel.AnnotationsInTNG"/>
  <testcase name="testCase1" time="0.008" classname="com.testNG.sel.AnnotationsInTNG"/>
  <testcase name="testCase3" time="0.003" classname="com.testNG.sel.AnnotationsInTNG"/>
</testsuite> <!-- com.testNG.sel.AnnotationsInTNG -->
