<?xml version="1.0" encoding="UTF-8"?>
<!-- Generated by org.testng.reporters.JUnitReportReporter -->
<testsuite skipped="0" hostname="INDIA" name="com.testNG.sel.BasicTng2" tests="2" failures="0" timestamp="09 Apr 2018 09:55:14 GMT" time="0.004" errors="0">
  <testcase name="cc1" time="0.002" classname="com.testNG.sel.BasicTng2"/>
  <testcase name="cc2" time="0.002" classname="com.testNG.sel.BasicTng2"/>
</testsuite> <!-- com.testNG.sel.BasicTng2 -->
