<?xml version="1.0" encoding="UTF-8"?>
<!-- Generated by org.testng.reporters.JUnitReportReporter -->
<testsuite skipped="0" hostname="INDIA" name="com.testNG.sel.BasicTNG" tests="3" failures="0" timestamp="09 Apr 2018 09:55:14 GMT" time="0.009" errors="0">
  <testcase name="aa2" time="0.002" classname="com.testNG.sel.BasicTNG"/>
  <testcase name="aa1" time="0.004" classname="com.testNG.sel.BasicTNG"/>
  <testcase name="aa3" time="0.003" classname="com.testNG.sel.BasicTNG"/>
</testsuite> <!-- com.testNG.sel.BasicTNG -->
