<?xml version="1.0" encoding="UTF-8"?>
<!-- Generated by org.testng.reporters.JUnitReportReporter -->
<testsuite skipped="0" hostname="INDIA" name="com.testNG.sel.GroupingMechanismInTNG" tests="4" failures="0" timestamp="09 Apr 2018 11:55:23 GMT" time="0.018" errors="0">
  <testcase name="m3" time="0.002" classname="com.testNG.sel.GroupingMechanismInTNG"/>
  <testcase name="m2" time="0.002" classname="com.testNG.sel.GroupingMechanismInTNG"/>
  <testcase name="m1" time="0.011" classname="com.testNG.sel.GroupingMechanismInTNG"/>
  <testcase name="m4" time="0.003" classname="com.testNG.sel.GroupingMechanismInTNG"/>
</testsuite> <!-- com.testNG.sel.GroupingMechanismInTNG -->
