<?xml version="1.0" encoding="UTF-8"?>
<!-- Generated by org.testng.reporters.JUnitReportReporter -->
<testsuite skipped="2" hostname="INDIA" name="com.testNG.sel.TestNGWithPriority" tests="6" failures="0" timestamp="09 Apr 2018 10:19:48 GMT" time="0.026" errors="0">
  <testcase name="sravan" time="0.015" classname="com.testNG.sel.TestNGWithPriority"/>
  <testcase name="sai" time="0.004" classname="com.testNG.sel.TestNGWithPriority"/>
  <testcase name="chanti" time="0.004" classname="com.testNG.sel.TestNGWithPriority"/>
  <testcase name="naga" time="0.003" classname="com.testNG.sel.TestNGWithPriority"/>
  <testcase name="Cva" classname="com.testNG.sel.TestNGWithPriority">
    <skipped/>
  </testcase> <!-- Cva -->
  <testcase name="vinay" classname="com.testNG.sel.TestNGWithPriority">
    <skipped/>
  </testcase> <!-- vinay -->
</testsuite> <!-- com.testNG.sel.TestNGWithPriority -->
